{"D:\\incubyte\\MethaiWala\\backend\\server.js": {"path":"D:\\incubyte\\MethaiWala\\backend\\server.js","statementMap":{"0":{"start":{"line":8,"column":0},"end":{"line":8,"column":16}},"1":{"start":{"line":11,"column":12},"end":{"line":11,"column":21}},"2":{"start":{"line":12,"column":0},"end":{"line":12,"column":24}},"3":{"start":{"line":13,"column":0},"end":{"line":13,"column":16}},"4":{"start":{"line":15,"column":0},"end":{"line":15,"column":36}},"5":{"start":{"line":16,"column":0},"end":{"line":16,"column":36}},"6":{"start":{"line":17,"column":0},"end":{"line":17,"column":42}},"7":{"start":{"line":18,"column":0},"end":{"line":18,"column":33}},"8":{"start":{"line":19,"column":0},"end":{"line":19,"column":61}},"9":{"start":{"line":19,"column":33},"end":{"line":19,"column":59}},"10":{"start":{"line":22,"column":13},"end":{"line":22,"column":37}},"11":{"start":{"line":23,"column":0},"end":{"line":23,"column":70}},"12":{"start":{"line":23,"column":23},"end":{"line":23,"column":68}}},"fnMap":{"0":{"name":"(anonymous_0)","decl":{"start":{"line":19,"column":19},"end":{"line":19,"column":20}},"loc":{"start":{"line":19,"column":33},"end":{"line":19,"column":59}},"line":19},"1":{"name":"(anonymous_1)","decl":{"start":{"line":23,"column":17},"end":{"line":23,"column":18}},"loc":{"start":{"line":23,"column":23},"end":{"line":23,"column":68}},"line":23}},"branchMap":{"0":{"loc":{"start":{"line":22,"column":13},"end":{"line":22,"column":37}},"type":"binary-expr","locations":[{"start":{"line":22,"column":13},"end":{"line":22,"column":29}},{"start":{"line":22,"column":33},"end":{"line":22,"column":37}}],"line":22}},"s":{"0":3,"1":3,"2":3,"3":3,"4":3,"5":3,"6":3,"7":3,"8":3,"9":0,"10":3,"11":3,"12":3},"f":{"0":0,"1":3},"b":{"0":[3,0]},"_coverageSchema":"1a1c01bbd47fc00a2c39e90264f33305004495a9","hash":"31c1c28a0fa4bb9ca4a1ab4497379cfc4823d23d"}
,"D:\\incubyte\\MethaiWala\\backend\\controllers\\authController.js": {"path":"D:\\incubyte\\MethaiWala\\backend\\controllers\\authController.js","statementMap":{"0":{"start":{"line":16,"column":53},"end":{"line":16,"column":61}},"1":{"start":{"line":17,"column":2},"end":{"line":19,"column":3}},"2":{"start":{"line":18,"column":4},"end":{"line":18,"column":92}},"3":{"start":{"line":21,"column":2},"end":{"line":48,"column":3}},"4":{"start":{"line":22,"column":4},"end":{"line":43,"column":5}},"5":{"start":{"line":23,"column":25},"end":{"line":23,"column":94}},"6":{"start":{"line":24,"column":6},"end":{"line":24,"column":102}},"7":{"start":{"line":24,"column":27},"end":{"line":24,"column":102}},"8":{"start":{"line":26,"column":23},"end":{"line":29,"column":7}},"9":{"start":{"line":30,"column":6},"end":{"line":30,"column":26}},"10":{"start":{"line":31,"column":20},"end":{"line":31,"column":108}},"11":{"start":{"line":32,"column":6},"end":{"line":32,"column":171}},"12":{"start":{"line":34,"column":25},"end":{"line":34,"column":88}},"13":{"start":{"line":35,"column":6},"end":{"line":35,"column":101}},"14":{"start":{"line":35,"column":27},"end":{"line":35,"column":101}},"15":{"start":{"line":37,"column":23},"end":{"line":40,"column":7}},"16":{"start":{"line":41,"column":20},"end":{"line":41,"column":95}},"17":{"start":{"line":42,"column":6},"end":{"line":42,"column":99}},"18":{"start":{"line":46,"column":4},"end":{"line":46,"column":42}},"19":{"start":{"line":47,"column":4},"end":{"line":47,"column":81}},"20":{"start":{"line":61,"column":36},"end":{"line":61,"column":44}},"21":{"start":{"line":62,"column":2},"end":{"line":62,"column":99}},"22":{"start":{"line":62,"column":27},"end":{"line":62,"column":99}},"23":{"start":{"line":64,"column":2},"end":{"line":90,"column":3}},"24":{"start":{"line":66,"column":4},"end":{"line":84,"column":5}},"25":{"start":{"line":67,"column":21},"end":{"line":67,"column":112}},"26":{"start":{"line":68,"column":6},"end":{"line":74,"column":7}},"27":{"start":{"line":69,"column":21},"end":{"line":69,"column":28}},"28":{"start":{"line":70,"column":8},"end":{"line":70,"column":104}},"29":{"start":{"line":70,"column":40},"end":{"line":70,"column":104}},"30":{"start":{"line":72,"column":22},"end":{"line":72,"column":117}},"31":{"start":{"line":73,"column":8},"end":{"line":73,"column":113}},"32":{"start":{"line":76,"column":21},"end":{"line":76,"column":130}},"33":{"start":{"line":77,"column":6},"end":{"line":83,"column":7}},"34":{"start":{"line":78,"column":22},"end":{"line":78,"column":29}},"35":{"start":{"line":79,"column":8},"end":{"line":79,"column":105}},"36":{"start":{"line":79,"column":41},"end":{"line":79,"column":105}},"37":{"start":{"line":81,"column":22},"end":{"line":81,"column":151}},"38":{"start":{"line":82,"column":8},"end":{"line":82,"column":146}},"39":{"start":{"line":86,"column":4},"end":{"line":86,"column":67}},"40":{"start":{"line":88,"column":4},"end":{"line":88,"column":39}},"41":{"start":{"line":89,"column":4},"end":{"line":89,"column":81}}},"fnMap":{"0":{"name":"register","decl":{"start":{"line":15,"column":15},"end":{"line":15,"column":23}},"loc":{"start":{"line":15,"column":34},"end":{"line":49,"column":1}},"line":15},"1":{"name":"login","decl":{"start":{"line":60,"column":15},"end":{"line":60,"column":20}},"loc":{"start":{"line":60,"column":31},"end":{"line":91,"column":1}},"line":60}},"branchMap":{"0":{"loc":{"start":{"line":17,"column":2},"end":{"line":19,"column":3}},"type":"if","locations":[{"start":{"line":17,"column":2},"end":{"line":19,"column":3}},{"start":{},"end":{}}],"line":17},"1":{"loc":{"start":{"line":17,"column":6},"end":{"line":17,"column":43}},"type":"binary-expr","locations":[{"start":{"line":17,"column":6},"end":{"line":17,"column":11}},{"start":{"line":17,"column":15},"end":{"line":17,"column":21}},{"start":{"line":17,"column":25},"end":{"line":17,"column":34}},{"start":{"line":17,"column":38},"end":{"line":17,"column":43}}],"line":17},"2":{"loc":{"start":{"line":22,"column":4},"end":{"line":43,"column":5}},"type":"if","locations":[{"start":{"line":22,"column":4},"end":{"line":43,"column":5}},{"start":{"line":33,"column":11},"end":{"line":43,"column":5}}],"line":22},"3":{"loc":{"start":{"line":24,"column":6},"end":{"line":24,"column":102}},"type":"if","locations":[{"start":{"line":24,"column":6},"end":{"line":24,"column":102}},{"start":{},"end":{}}],"line":24},"4":{"loc":{"start":{"line":28,"column":32},"end":{"line":28,"column":47}},"type":"binary-expr","locations":[{"start":{"line":28,"column":32},"end":{"line":28,"column":41}},{"start":{"line":28,"column":45},"end":{"line":28,"column":47}}],"line":28},"5":{"loc":{"start":{"line":35,"column":6},"end":{"line":35,"column":101}},"type":"if","locations":[{"start":{"line":35,"column":6},"end":{"line":35,"column":101}},{"start":{},"end":{}}],"line":35},"6":{"loc":{"start":{"line":62,"column":2},"end":{"line":62,"column":99}},"type":"if","locations":[{"start":{"line":62,"column":2},"end":{"line":62,"column":99}},{"start":{},"end":{}}],"line":62},"7":{"loc":{"start":{"line":62,"column":6},"end":{"line":62,"column":25}},"type":"binary-expr","locations":[{"start":{"line":62,"column":6},"end":{"line":62,"column":12}},{"start":{"line":62,"column":16},"end":{"line":62,"column":25}}],"line":62},"8":{"loc":{"start":{"line":66,"column":4},"end":{"line":84,"column":5}},"type":"if","locations":[{"start":{"line":66,"column":4},"end":{"line":84,"column":5}},{"start":{"line":75,"column":11},"end":{"line":84,"column":5}}],"line":66},"9":{"loc":{"start":{"line":68,"column":6},"end":{"line":74,"column":7}},"type":"if","locations":[{"start":{"line":68,"column":6},"end":{"line":74,"column":7}},{"start":{},"end":{}}],"line":68},"10":{"loc":{"start":{"line":70,"column":8},"end":{"line":70,"column":104}},"type":"if","locations":[{"start":{"line":70,"column":8},"end":{"line":70,"column":104}},{"start":{},"end":{}}],"line":70},"11":{"loc":{"start":{"line":77,"column":6},"end":{"line":83,"column":7}},"type":"if","locations":[{"start":{"line":77,"column":6},"end":{"line":83,"column":7}},{"start":{},"end":{}}],"line":77},"12":{"loc":{"start":{"line":79,"column":8},"end":{"line":79,"column":105}},"type":"if","locations":[{"start":{"line":79,"column":8},"end":{"line":79,"column":105}},{"start":{},"end":{}}],"line":79}},"s":{"0":7,"1":7,"2":1,"3":6,"4":6,"5":3,"6":3,"7":1,"8":2,"9":2,"10":2,"11":2,"12":3,"13":3,"14":1,"15":2,"16":2,"17":2,"18":0,"19":0,"20":6,"21":6,"22":1,"23":5,"24":5,"25":3,"26":3,"27":2,"28":2,"29":1,"30":1,"31":1,"32":2,"33":2,"34":1,"35":1,"36":0,"37":1,"38":1,"39":2,"40":0,"41":0},"f":{"0":7,"1":6},"b":{"0":[1,6],"1":[7,7,6,6],"2":[3,3],"3":[1,2],"4":[2,0],"5":[1,2],"6":[1,5],"7":[6,5],"8":[3,2],"9":[2,1],"10":[1,1],"11":[1,1],"12":[0,1]},"_coverageSchema":"1a1c01bbd47fc00a2c39e90264f33305004495a9","hash":"30dc0e36f4d400ccb48b53a73d530d68418d9ea6"}
,"D:\\incubyte\\MethaiWala\\backend\\controllers\\ownerController.js": {"path":"D:\\incubyte\\MethaiWala\\backend\\controllers\\ownerController.js","statementMap":{"0":{"start":{"line":3,"column":25},"end":{"line":10,"column":1}},"1":{"start":{"line":4,"column":2},"end":{"line":9,"column":3}},"2":{"start":{"line":5,"column":19},"end":{"line":5,"column":93}},"3":{"start":{"line":6,"column":4},"end":{"line":6,"column":19}},"4":{"start":{"line":8,"column":4},"end":{"line":8,"column":49}}},"fnMap":{"0":{"name":"(anonymous_0)","decl":{"start":{"line":3,"column":25},"end":{"line":3,"column":26}},"loc":{"start":{"line":3,"column":45},"end":{"line":10,"column":1}},"line":3}},"branchMap":{},"s":{"0":3,"1":1,"2":1,"3":1,"4":0},"f":{"0":1},"b":{},"_coverageSchema":"1a1c01bbd47fc00a2c39e90264f33305004495a9","hash":"7fde50d8c5697dcd2e0a3c071e5113a676bd8769"}
,"D:\\incubyte\\MethaiWala\\backend\\controllers\\purchaseController.js": {"path":"D:\\incubyte\\MethaiWala\\backend\\controllers\\purchaseController.js","statementMap":{"0":{"start":{"line":3,"column":32},"end":{"line":17,"column":1}},"1":{"start":{"line":4,"column":2},"end":{"line":16,"column":3}},"2":{"start":{"line":5,"column":23},"end":{"line":5,"column":33}},"3":{"start":{"line":6,"column":19},"end":{"line":12,"column":5}},"4":{"start":{"line":13,"column":4},"end":{"line":13,"column":19}},"5":{"start":{"line":15,"column":4},"end":{"line":15,"column":49}}},"fnMap":{"0":{"name":"(anonymous_0)","decl":{"start":{"line":3,"column":32},"end":{"line":3,"column":33}},"loc":{"start":{"line":3,"column":52},"end":{"line":17,"column":1}},"line":3}},"branchMap":{},"s":{"0":3,"1":1,"2":1,"3":1,"4":1,"5":0},"f":{"0":1},"b":{},"_coverageSchema":"1a1c01bbd47fc00a2c39e90264f33305004495a9","hash":"71f73836c13fd25f624bbc7e91e2ce62511d41c5"}
,"D:\\incubyte\\MethaiWala\\backend\\controllers\\sweetController.js": {"path":"D:\\incubyte\\MethaiWala\\backend\\controllers\\sweetController.js","statementMap":{"0":{"start":{"line":4,"column":21},"end":{"line":11,"column":1}},"1":{"start":{"line":5,"column":2},"end":{"line":10,"column":3}},"2":{"start":{"line":6,"column":19},"end":{"line":6,"column":57}},"3":{"start":{"line":7,"column":4},"end":{"line":7,"column":19}},"4":{"start":{"line":9,"column":4},"end":{"line":9,"column":74}},"5":{"start":{"line":14,"column":27},"end":{"line":22,"column":1}},"6":{"start":{"line":15,"column":2},"end":{"line":21,"column":3}},"7":{"start":{"line":16,"column":21},"end":{"line":16,"column":32}},"8":{"start":{"line":17,"column":19},"end":{"line":17,"column":87}},"9":{"start":{"line":18,"column":4},"end":{"line":18,"column":19}},"10":{"start":{"line":20,"column":4},"end":{"line":20,"column":74}},"11":{"start":{"line":25,"column":21},"end":{"line":53,"column":1}},"12":{"start":{"line":26,"column":2},"end":{"line":52,"column":3}},"13":{"start":{"line":27,"column":51},"end":{"line":27,"column":60}},"14":{"start":{"line":28,"column":16},"end":{"line":28,"column":48}},"15":{"start":{"line":29,"column":17},"end":{"line":29,"column":19}},"16":{"start":{"line":31,"column":4},"end":{"line":34,"column":5}},"17":{"start":{"line":32,"column":6},"end":{"line":32,"column":34}},"18":{"start":{"line":33,"column":6},"end":{"line":33,"column":31}},"19":{"start":{"line":35,"column":4},"end":{"line":38,"column":5}},"20":{"start":{"line":36,"column":6},"end":{"line":36,"column":35}},"21":{"start":{"line":37,"column":6},"end":{"line":37,"column":28}},"22":{"start":{"line":39,"column":4},"end":{"line":42,"column":5}},"23":{"start":{"line":40,"column":6},"end":{"line":40,"column":33}},"24":{"start":{"line":41,"column":6},"end":{"line":41,"column":28}},"25":{"start":{"line":43,"column":4},"end":{"line":46,"column":5}},"26":{"start":{"line":44,"column":6},"end":{"line":44,"column":33}},"27":{"start":{"line":45,"column":6},"end":{"line":45,"column":28}},"28":{"start":{"line":48,"column":19},"end":{"line":48,"column":48}},"29":{"start":{"line":49,"column":4},"end":{"line":49,"column":19}},"30":{"start":{"line":51,"column":4},"end":{"line":51,"column":74}},"31":{"start":{"line":57,"column":2},"end":{"line":71,"column":3}},"32":{"start":{"line":58,"column":19},"end":{"line":58,"column":29}},"33":{"start":{"line":59,"column":72},"end":{"line":59,"column":80}},"34":{"start":{"line":61,"column":21},"end":{"line":64,"column":5}},"35":{"start":{"line":66,"column":4},"end":{"line":66,"column":95}},"36":{"start":{"line":66,"column":35},"end":{"line":66,"column":95}},"37":{"start":{"line":68,"column":4},"end":{"line":68,"column":43}},"38":{"start":{"line":70,"column":4},"end":{"line":70,"column":74}},"39":{"start":{"line":76,"column":2},"end":{"line":89,"column":3}},"40":{"start":{"line":77,"column":4},"end":{"line":79,"column":5}},"41":{"start":{"line":78,"column":6},"end":{"line":78,"column":87}},"42":{"start":{"line":81,"column":19},"end":{"line":81,"column":29}},"43":{"start":{"line":82,"column":21},"end":{"line":82,"column":74}},"44":{"start":{"line":84,"column":4},"end":{"line":84,"column":95}},"45":{"start":{"line":84,"column":35},"end":{"line":84,"column":95}},"46":{"start":{"line":86,"column":4},"end":{"line":86,"column":43}},"47":{"start":{"line":88,"column":4},"end":{"line":88,"column":74}},"48":{"start":{"line":94,"column":2},"end":{"line":113,"column":3}},"49":{"start":{"line":95,"column":4},"end":{"line":97,"column":5}},"50":{"start":{"line":96,"column":6},"end":{"line":96,"column":77}},"51":{"start":{"line":99,"column":72},"end":{"line":99,"column":80}},"52":{"start":{"line":100,"column":4},"end":{"line":102,"column":5}},"53":{"start":{"line":101,"column":6},"end":{"line":101,"column":99}},"54":{"start":{"line":104,"column":21},"end":{"line":107,"column":5}},"55":{"start":{"line":109,"column":4},"end":{"line":109,"column":87}},"56":{"start":{"line":111,"column":4},"end":{"line":111,"column":43}},"57":{"start":{"line":112,"column":4},"end":{"line":112,"column":74}},"58":{"start":{"line":117,"column":2},"end":{"line":145,"column":3}},"59":{"start":{"line":118,"column":19},"end":{"line":118,"column":29}},"60":{"start":{"line":119,"column":25},"end":{"line":119,"column":33}},"61":{"start":{"line":121,"column":4},"end":{"line":123,"column":5}},"62":{"start":{"line":122,"column":6},"end":{"line":122,"column":85}},"63":{"start":{"line":125,"column":24},"end":{"line":125,"column":79}},"64":{"start":{"line":126,"column":4},"end":{"line":128,"column":5}},"65":{"start":{"line":127,"column":6},"end":{"line":127,"column":66}},"66":{"start":{"line":130,"column":18},"end":{"line":130,"column":30}},"67":{"start":{"line":131,"column":4},"end":{"line":133,"column":5}},"68":{"start":{"line":132,"column":6},"end":{"line":132,"column":69}},"69":{"start":{"line":135,"column":24},"end":{"line":135,"column":46}},"70":{"start":{"line":136,"column":18},"end":{"line":136,"column":119}},"71":{"start":{"line":137,"column":4},"end":{"line":137,"column":81}},"72":{"start":{"line":138,"column":24},"end":{"line":138,"column":49}},"73":{"start":{"line":139,"column":4},"end":{"line":139,"column":81}},"74":{"start":{"line":141,"column":4},"end":{"line":141,"column":86}},"75":{"start":{"line":143,"column":4},"end":{"line":143,"column":42}},"76":{"start":{"line":144,"column":4},"end":{"line":144,"column":74}},"77":{"start":{"line":149,"column":2},"end":{"line":170,"column":3}},"78":{"start":{"line":150,"column":4},"end":{"line":152,"column":5}},"79":{"start":{"line":151,"column":6},"end":{"line":151,"column":81}},"80":{"start":{"line":153,"column":19},"end":{"line":153,"column":29}},"81":{"start":{"line":154,"column":25},"end":{"line":154,"column":33}},"82":{"start":{"line":156,"column":4},"end":{"line":158,"column":5}},"83":{"start":{"line":157,"column":6},"end":{"line":157,"column":85}},"84":{"start":{"line":159,"column":24},"end":{"line":159,"column":79}},"85":{"start":{"line":160,"column":4},"end":{"line":162,"column":5}},"86":{"start":{"line":161,"column":6},"end":{"line":161,"column":66}},"87":{"start":{"line":163,"column":18},"end":{"line":163,"column":30}},"88":{"start":{"line":164,"column":4},"end":{"line":164,"column":95}},"89":{"start":{"line":165,"column":4},"end":{"line":166,"column":7}},"90":{"start":{"line":168,"column":4},"end":{"line":168,"column":41}},"91":{"start":{"line":169,"column":4},"end":{"line":169,"column":74}}},"fnMap":{"0":{"name":"(anonymous_0)","decl":{"start":{"line":4,"column":21},"end":{"line":4,"column":22}},"loc":{"start":{"line":4,"column":41},"end":{"line":11,"column":1}},"line":4},"1":{"name":"(anonymous_1)","decl":{"start":{"line":14,"column":27},"end":{"line":14,"column":28}},"loc":{"start":{"line":14,"column":47},"end":{"line":22,"column":1}},"line":14},"2":{"name":"(anonymous_2)","decl":{"start":{"line":25,"column":21},"end":{"line":25,"column":22}},"loc":{"start":{"line":25,"column":41},"end":{"line":53,"column":1}},"line":25},"3":{"name":"updateSweet","decl":{"start":{"line":56,"column":15},"end":{"line":56,"column":26}},"loc":{"start":{"line":56,"column":37},"end":{"line":72,"column":1}},"line":56},"4":{"name":"deleteSweet","decl":{"start":{"line":75,"column":15},"end":{"line":75,"column":26}},"loc":{"start":{"line":75,"column":37},"end":{"line":90,"column":1}},"line":75},"5":{"name":"addSweet","decl":{"start":{"line":93,"column":15},"end":{"line":93,"column":23}},"loc":{"start":{"line":93,"column":34},"end":{"line":114,"column":1}},"line":93},"6":{"name":"purchaseSweet","decl":{"start":{"line":116,"column":15},"end":{"line":116,"column":28}},"loc":{"start":{"line":116,"column":39},"end":{"line":146,"column":1}},"line":116},"7":{"name":"restockSweet","decl":{"start":{"line":148,"column":15},"end":{"line":148,"column":27}},"loc":{"start":{"line":148,"column":38},"end":{"line":171,"column":1}},"line":148}},"branchMap":{"0":{"loc":{"start":{"line":31,"column":4},"end":{"line":34,"column":5}},"type":"if","locations":[{"start":{"line":31,"column":4},"end":{"line":34,"column":5}},{"start":{},"end":{}}],"line":31},"1":{"loc":{"start":{"line":35,"column":4},"end":{"line":38,"column":5}},"type":"if","locations":[{"start":{"line":35,"column":4},"end":{"line":38,"column":5}},{"start":{},"end":{}}],"line":35},"2":{"loc":{"start":{"line":39,"column":4},"end":{"line":42,"column":5}},"type":"if","locations":[{"start":{"line":39,"column":4},"end":{"line":42,"column":5}},{"start":{},"end":{}}],"line":39},"3":{"loc":{"start":{"line":43,"column":4},"end":{"line":46,"column":5}},"type":"if","locations":[{"start":{"line":43,"column":4},"end":{"line":46,"column":5}},{"start":{},"end":{}}],"line":43},"4":{"loc":{"start":{"line":63,"column":40},"end":{"line":63,"column":57}},"type":"binary-expr","locations":[{"start":{"line":63,"column":40},"end":{"line":63,"column":51}},{"start":{"line":63,"column":55},"end":{"line":63,"column":57}}],"line":63},"5":{"loc":{"start":{"line":63,"column":59},"end":{"line":63,"column":74}},"type":"binary-expr","locations":[{"start":{"line":63,"column":59},"end":{"line":63,"column":68}},{"start":{"line":63,"column":72},"end":{"line":63,"column":74}}],"line":63},"6":{"loc":{"start":{"line":66,"column":4},"end":{"line":66,"column":95}},"type":"if","locations":[{"start":{"line":66,"column":4},"end":{"line":66,"column":95}},{"start":{},"end":{}}],"line":66},"7":{"loc":{"start":{"line":77,"column":4},"end":{"line":79,"column":5}},"type":"if","locations":[{"start":{"line":77,"column":4},"end":{"line":79,"column":5}},{"start":{},"end":{}}],"line":77},"8":{"loc":{"start":{"line":84,"column":4},"end":{"line":84,"column":95}},"type":"if","locations":[{"start":{"line":84,"column":4},"end":{"line":84,"column":95}},{"start":{},"end":{}}],"line":84},"9":{"loc":{"start":{"line":95,"column":4},"end":{"line":97,"column":5}},"type":"if","locations":[{"start":{"line":95,"column":4},"end":{"line":97,"column":5}},{"start":{},"end":{}}],"line":95},"10":{"loc":{"start":{"line":100,"column":4},"end":{"line":102,"column":5}},"type":"if","locations":[{"start":{"line":100,"column":4},"end":{"line":102,"column":5}},{"start":{},"end":{}}],"line":100},"11":{"loc":{"start":{"line":100,"column":8},"end":{"line":100,"column":49}},"type":"binary-expr","locations":[{"start":{"line":100,"column":8},"end":{"line":100,"column":13}},{"start":{"line":100,"column":17},"end":{"line":100,"column":26}},{"start":{"line":100,"column":30},"end":{"line":100,"column":36}},{"start":{"line":100,"column":40},"end":{"line":100,"column":49}}],"line":100},"12":{"loc":{"start":{"line":106,"column":40},"end":{"line":106,"column":57}},"type":"binary-expr","locations":[{"start":{"line":106,"column":40},"end":{"line":106,"column":51}},{"start":{"line":106,"column":55},"end":{"line":106,"column":57}}],"line":106},"13":{"loc":{"start":{"line":106,"column":59},"end":{"line":106,"column":74}},"type":"binary-expr","locations":[{"start":{"line":106,"column":59},"end":{"line":106,"column":68}},{"start":{"line":106,"column":72},"end":{"line":106,"column":74}}],"line":106},"14":{"loc":{"start":{"line":121,"column":4},"end":{"line":123,"column":5}},"type":"if","locations":[{"start":{"line":121,"column":4},"end":{"line":123,"column":5}},{"start":{},"end":{}}],"line":121},"15":{"loc":{"start":{"line":121,"column":8},"end":{"line":121,"column":34}},"type":"binary-expr","locations":[{"start":{"line":121,"column":8},"end":{"line":121,"column":17}},{"start":{"line":121,"column":21},"end":{"line":121,"column":34}}],"line":121},"16":{"loc":{"start":{"line":126,"column":4},"end":{"line":128,"column":5}},"type":"if","locations":[{"start":{"line":126,"column":4},"end":{"line":128,"column":5}},{"start":{},"end":{}}],"line":126},"17":{"loc":{"start":{"line":131,"column":4},"end":{"line":133,"column":5}},"type":"if","locations":[{"start":{"line":131,"column":4},"end":{"line":133,"column":5}},{"start":{},"end":{}}],"line":131},"18":{"loc":{"start":{"line":150,"column":4},"end":{"line":152,"column":5}},"type":"if","locations":[{"start":{"line":150,"column":4},"end":{"line":152,"column":5}},{"start":{},"end":{}}],"line":150},"19":{"loc":{"start":{"line":156,"column":4},"end":{"line":158,"column":5}},"type":"if","locations":[{"start":{"line":156,"column":4},"end":{"line":158,"column":5}},{"start":{},"end":{}}],"line":156},"20":{"loc":{"start":{"line":156,"column":8},"end":{"line":156,"column":34}},"type":"binary-expr","locations":[{"start":{"line":156,"column":8},"end":{"line":156,"column":17}},{"start":{"line":156,"column":21},"end":{"line":156,"column":34}}],"line":156},"21":{"loc":{"start":{"line":160,"column":4},"end":{"line":162,"column":5}},"type":"if","locations":[{"start":{"line":160,"column":4},"end":{"line":162,"column":5}},{"start":{},"end":{}}],"line":160}},"s":{"0":3,"1":3,"2":3,"3":3,"4":0,"5":3,"6":1,"7":1,"8":1,"9":1,"10":0,"11":3,"12":4,"13":4,"14":4,"15":4,"16":4,"17":1,"18":1,"19":4,"20":2,"21":2,"22":4,"23":2,"24":2,"25":4,"26":2,"27":2,"28":4,"29":4,"30":0,"31":2,"32":2,"33":2,"34":2,"35":2,"36":1,"37":1,"38":0,"39":3,"40":3,"41":1,"42":2,"43":2,"44":2,"45":1,"46":1,"47":0,"48":3,"49":3,"50":1,"51":2,"52":2,"53":1,"54":1,"55":1,"56":0,"57":0,"58":3,"59":3,"60":3,"61":3,"62":1,"63":2,"64":2,"65":1,"66":1,"67":1,"68":0,"69":1,"70":1,"71":1,"72":1,"73":1,"74":1,"75":0,"76":0,"77":4,"78":4,"79":1,"80":3,"81":3,"82":3,"83":1,"84":2,"85":2,"86":1,"87":1,"88":1,"89":1,"90":0,"91":0},"f":{"0":3,"1":1,"2":4,"3":2,"4":3,"5":3,"6":3,"7":4},"b":{"0":[1,3],"1":[2,2],"2":[2,2],"3":[2,2],"4":[2,1],"5":[2,1],"6":[1,1],"7":[1,2],"8":[1,1],"9":[1,2],"10":[1,1],"11":[2,1,1,1],"12":[1,0],"13":[1,0],"14":[1,2],"15":[3,2],"16":[1,1],"17":[0,1],"18":[1,3],"19":[1,2],"20":[3,2],"21":[1,1]},"_coverageSchema":"1a1c01bbd47fc00a2c39e90264f33305004495a9","hash":"fce706e2b4fd2451a436be458ac0204b67a914da"}
,"D:\\incubyte\\MethaiWala\\backend\\middleware\\authMiddleware.js": {"path":"D:\\incubyte\\MethaiWala\\backend\\middleware\\authMiddleware.js","statementMap":{"0":{"start":{"line":5,"column":21},"end":{"line":5,"column":46}},"1":{"start":{"line":6,"column":2},"end":{"line":6,"column":92}},"2":{"start":{"line":6,"column":19},"end":{"line":6,"column":92}},"3":{"start":{"line":8,"column":16},"end":{"line":8,"column":37}},"4":{"start":{"line":9,"column":2},"end":{"line":9,"column":115}},"5":{"start":{"line":9,"column":51},"end":{"line":9,"column":115}},"6":{"start":{"line":11,"column":16},"end":{"line":11,"column":24}},"7":{"start":{"line":12,"column":2},"end":{"line":18,"column":3}},"8":{"start":{"line":13,"column":20},"end":{"line":13,"column":38}},"9":{"start":{"line":14,"column":4},"end":{"line":14,"column":23}},"10":{"start":{"line":15,"column":4},"end":{"line":15,"column":11}},"11":{"start":{"line":17,"column":4},"end":{"line":17,"column":73}}},"fnMap":{"0":{"name":"authMiddleware","decl":{"start":{"line":4,"column":9},"end":{"line":4,"column":23}},"loc":{"start":{"line":4,"column":40},"end":{"line":19,"column":1}},"line":4}},"branchMap":{"0":{"loc":{"start":{"line":6,"column":2},"end":{"line":6,"column":92}},"type":"if","locations":[{"start":{"line":6,"column":2},"end":{"line":6,"column":92}},{"start":{},"end":{}}],"line":6},"1":{"loc":{"start":{"line":9,"column":2},"end":{"line":9,"column":115}},"type":"if","locations":[{"start":{"line":9,"column":2},"end":{"line":9,"column":115}},{"start":{},"end":{}}],"line":9},"2":{"loc":{"start":{"line":9,"column":6},"end":{"line":9,"column":49}},"type":"binary-expr","locations":[{"start":{"line":9,"column":6},"end":{"line":9,"column":24}},{"start":{"line":9,"column":28},"end":{"line":9,"column":49}}],"line":9}},"s":{"0":19,"1":19,"2":3,"3":16,"4":16,"5":0,"6":16,"7":16,"8":16,"9":16,"10":16,"11":0},"f":{"0":19},"b":{"0":[3,16],"1":[0,16],"2":[16,16]},"_coverageSchema":"1a1c01bbd47fc00a2c39e90264f33305004495a9","hash":"f3496b75b9832ffc576796eb46a073ed7f2699a5"}
,"D:\\incubyte\\MethaiWala\\backend\\routes\\authRoutes.js": {"path":"D:\\incubyte\\MethaiWala\\backend\\routes\\authRoutes.js","statementMap":{"0":{"start":{"line":2,"column":15},"end":{"line":2,"column":31}},"1":{"start":{"line":7,"column":0},"end":{"line":7,"column":35}},"2":{"start":{"line":11,"column":0},"end":{"line":11,"column":29}}},"fnMap":{},"branchMap":{},"s":{"0":3,"1":3,"2":3},"f":{},"b":{},"_coverageSchema":"1a1c01bbd47fc00a2c39e90264f33305004495a9","hash":"1f699253197ba13010045cfe62b07b1ac8f9bd4f"}
,"D:\\incubyte\\MethaiWala\\backend\\routes\\ownerRoutes.js": {"path":"D:\\incubyte\\MethaiWala\\backend\\routes\\ownerRoutes.js","statementMap":{"0":{"start":{"line":4,"column":15},"end":{"line":4,"column":31}},"1":{"start":{"line":6,"column":0},"end":{"line":6,"column":27}}},"fnMap":{},"branchMap":{},"s":{"0":3,"1":3},"f":{},"b":{},"_coverageSchema":"1a1c01bbd47fc00a2c39e90264f33305004495a9","hash":"8aeae4220b6c0d827f06026d0e721bad94a33732"}
,"D:\\incubyte\\MethaiWala\\backend\\routes\\purchaseRoutes.js": {"path":"D:\\incubyte\\MethaiWala\\backend\\routes\\purchaseRoutes.js","statementMap":{"0":{"start":{"line":4,"column":15},"end":{"line":4,"column":31}},"1":{"start":{"line":6,"column":0},"end":{"line":6,"column":41}}},"fnMap":{},"branchMap":{},"s":{"0":3,"1":3},"f":{},"b":{},"_coverageSchema":"1a1c01bbd47fc00a2c39e90264f33305004495a9","hash":"1c5a48f02c0cb8299d5fe95de2b78c57f77c4a68"}
,"D:\\incubyte\\MethaiWala\\backend\\routes\\sweetRoutes.js": {"path":"D:\\incubyte\\MethaiWala\\backend\\routes\\sweetRoutes.js","statementMap":{"0":{"start":{"line":5,"column":15},"end":{"line":5,"column":31}},"1":{"start":{"line":7,"column":0},"end":{"line":7,"column":30}},"2":{"start":{"line":8,"column":0},"end":{"line":8,"column":57}},"3":{"start":{"line":9,"column":0},"end":{"line":9,"column":36}},"4":{"start":{"line":11,"column":0},"end":{"line":11,"column":43}},"5":{"start":{"line":12,"column":0},"end":{"line":12,"column":48}},"6":{"start":{"line":13,"column":0},"end":{"line":13,"column":51}},"7":{"start":{"line":15,"column":0},"end":{"line":15,"column":60}},"8":{"start":{"line":16,"column":0},"end":{"line":16,"column":58}}},"fnMap":{},"branchMap":{},"s":{"0":3,"1":3,"2":3,"3":3,"4":3,"5":3,"6":3,"7":3,"8":3},"f":{},"b":{},"_coverageSchema":"1a1c01bbd47fc00a2c39e90264f33305004495a9","hash":"a571c07643225bf44a480f3730cf1e405aba5e83"}
,"D:\\incubyte\\MethaiWala\\backend\\utils\\db.js": {"path":"D:\\incubyte\\MethaiWala\\backend\\utils\\db.js","statementMap":{"0":{"start":{"line":4,"column":0},"end":{"line":4,"column":16}},"1":{"start":{"line":6,"column":13},"end":{"line":14,"column":2}}},"fnMap":{},"branchMap":{"0":{"loc":{"start":{"line":8,"column":8},"end":{"line":8,"column":37}},"type":"binary-expr","locations":[{"start":{"line":8,"column":8},"end":{"line":8,"column":27}},{"start":{"line":8,"column":31},"end":{"line":8,"column":37}}],"line":8},"1":{"loc":{"start":{"line":9,"column":12},"end":{"line":9,"column":37}},"type":"binary-expr","locations":[{"start":{"line":9,"column":12},"end":{"line":9,"column":31}},{"start":{"line":9,"column":35},"end":{"line":9,"column":37}}],"line":9},"2":{"loc":{"start":{"line":10,"column":12},"end":{"line":10,"column":46}},"type":"binary-expr","locations":[{"start":{"line":10,"column":12},"end":{"line":10,"column":31}},{"start":{"line":10,"column":35},"end":{"line":10,"column":46}}],"line":10}},"s":{"0":3,"1":3},"f":{},"b":{"0":[3,0],"1":[3,0],"2":[3,0]},"_coverageSchema":"1a1c01bbd47fc00a2c39e90264f33305004495a9","hash":"6a5c3b1756f20dd2c87c10934a32e3d6ec61c275"}
,"D:\\incubyte\\MethaiWala\\backend\\utils\\jwt.js": {"path":"D:\\incubyte\\MethaiWala\\backend\\utils\\jwt.js","statementMap":{"0":{"start":{"line":3,"column":0},"end":{"line":3,"column":16}},"1":{"start":{"line":5,"column":19},"end":{"line":5,"column":65}},"2":{"start":{"line":6,"column":23},"end":{"line":6,"column":57}},"3":{"start":{"line":9,"column":2},"end":{"line":9,"column":70}},"4":{"start":{"line":13,"column":2},"end":{"line":13,"column":39}}},"fnMap":{"0":{"name":"signToken","decl":{"start":{"line":8,"column":9},"end":{"line":8,"column":18}},"loc":{"start":{"line":8,"column":28},"end":{"line":10,"column":1}},"line":8},"1":{"name":"verifyToken","decl":{"start":{"line":12,"column":9},"end":{"line":12,"column":20}},"loc":{"start":{"line":12,"column":28},"end":{"line":14,"column":1}},"line":12}},"branchMap":{"0":{"loc":{"start":{"line":5,"column":19},"end":{"line":5,"column":65}},"type":"binary-expr","locations":[{"start":{"line":5,"column":19},"end":{"line":5,"column":41}},{"start":{"line":5,"column":45},"end":{"line":5,"column":65}}],"line":5},"1":{"loc":{"start":{"line":6,"column":23},"end":{"line":6,"column":57}},"type":"binary-expr","locations":[{"start":{"line":6,"column":23},"end":{"line":6,"column":49}},{"start":{"line":6,"column":53},"end":{"line":6,"column":57}}],"line":6}},"s":{"0":3,"1":3,"2":3,"3":6,"4":16},"f":{"0":6,"1":16},"b":{"0":[3,0],"1":[3,0]},"_coverageSchema":"1a1c01bbd47fc00a2c39e90264f33305004495a9","hash":"baf728774bbcb41b3a94c72707a8d8214985fadd"}
}
