TN:
SF:server.js
FN:19,(anonymous_0)
FN:23,(anonymous_1)
FNF:2
FNH:1
FNDA:0,(anonymous_0)
FNDA:3,(anonymous_1)
DA:8,3
DA:11,3
DA:12,3
DA:13,3
DA:15,3
DA:16,3
DA:17,3
DA:18,3
DA:19,3
DA:22,3
DA:23,3
LF:11
LH:11
BRDA:22,0,0,3
BRDA:22,0,1,0
BRF:2
BRH:1
end_of_record
TN:
SF:controllers\authController.js
FN:15,register
FN:60,login
FNF:2
FNH:2
FNDA:7,register
FNDA:6,login
DA:16,7
DA:17,7
DA:18,1
DA:21,6
DA:22,6
DA:23,3
DA:24,3
DA:26,2
DA:30,2
DA:31,2
DA:32,2
DA:34,3
DA:35,3
DA:37,2
DA:41,2
DA:42,2
DA:46,0
DA:47,0
DA:61,6
DA:62,6
DA:64,5
DA:66,5
DA:67,3
DA:68,3
DA:69,2
DA:70,2
DA:72,1
DA:73,1
DA:76,2
DA:77,2
DA:78,1
DA:79,1
DA:81,1
DA:82,1
DA:86,2
DA:88,0
DA:89,0
LF:37
LH:33
BRDA:17,0,0,1
BRDA:17,0,1,6
BRDA:17,1,0,7
BRDA:17,1,1,7
BRDA:17,1,2,6
BRDA:17,1,3,6
BRDA:22,2,0,3
BRDA:22,2,1,3
BRDA:24,3,0,1
BRDA:24,3,1,2
BRDA:28,4,0,2
BRDA:28,4,1,0
BRDA:35,5,0,1
BRDA:35,5,1,2
BRDA:62,6,0,1
BRDA:62,6,1,5
BRDA:62,7,0,6
BRDA:62,7,1,5
BRDA:66,8,0,3
BRDA:66,8,1,2
BRDA:68,9,0,2
BRDA:68,9,1,1
BRDA:70,10,0,1
BRDA:70,10,1,1
BRDA:77,11,0,1
BRDA:77,11,1,1
BRDA:79,12,0,0
BRDA:79,12,1,1
BRF:28
BRH:26
end_of_record
TN:
SF:controllers\ownerController.js
FN:3,(anonymous_0)
FNF:1
FNH:1
FNDA:1,(anonymous_0)
DA:3,3
DA:4,1
DA:5,1
DA:6,1
DA:8,0
LF:5
LH:4
BRF:0
BRH:0
end_of_record
TN:
SF:controllers\purchaseController.js
FN:3,(anonymous_0)
FNF:1
FNH:1
FNDA:1,(anonymous_0)
DA:3,3
DA:4,1
DA:5,1
DA:6,1
DA:13,1
DA:15,0
LF:6
LH:5
BRF:0
BRH:0
end_of_record
TN:
SF:controllers\sweetController.js
FN:4,(anonymous_0)
FN:14,(anonymous_1)
FN:25,(anonymous_2)
FN:56,updateSweet
FN:75,deleteSweet
FN:93,addSweet
FN:116,purchaseSweet
FN:148,restockSweet
FNF:8
FNH:8
FNDA:3,(anonymous_0)
FNDA:1,(anonymous_1)
FNDA:4,(anonymous_2)
FNDA:2,updateSweet
FNDA:3,deleteSweet
FNDA:3,addSweet
FNDA:3,purchaseSweet
FNDA:4,restockSweet
DA:4,3
DA:5,3
DA:6,3
DA:7,3
DA:9,0
DA:14,3
DA:15,1
DA:16,1
DA:17,1
DA:18,1
DA:20,0
DA:25,3
DA:26,4
DA:27,4
DA:28,4
DA:29,4
DA:31,4
DA:32,1
DA:33,1
DA:35,4
DA:36,2
DA:37,2
DA:39,4
DA:40,2
DA:41,2
DA:43,4
DA:44,2
DA:45,2
DA:48,4
DA:49,4
DA:51,0
DA:57,2
DA:58,2
DA:59,2
DA:61,2
DA:66,2
DA:68,1
DA:70,0
DA:76,3
DA:77,3
DA:78,1
DA:81,2
DA:82,2
DA:84,2
DA:86,1
DA:88,0
DA:94,3
DA:95,3
DA:96,1
DA:99,2
DA:100,2
DA:101,1
DA:104,1
DA:109,1
DA:111,0
DA:112,0
DA:117,3
DA:118,3
DA:119,3
DA:121,3
DA:122,1
DA:125,2
DA:126,2
DA:127,1
DA:130,1
DA:131,1
DA:132,0
DA:135,1
DA:136,1
DA:137,1
DA:138,1
DA:139,1
DA:141,1
DA:143,0
DA:144,0
DA:149,4
DA:150,4
DA:151,1
DA:153,3
DA:154,3
DA:156,3
DA:157,1
DA:159,2
DA:160,2
DA:161,1
DA:163,1
DA:164,1
DA:165,1
DA:168,0
DA:169,0
LF:90
LH:78
BRDA:31,0,0,1
BRDA:31,0,1,3
BRDA:35,1,0,2
BRDA:35,1,1,2
BRDA:39,2,0,2
BRDA:39,2,1,2
BRDA:43,3,0,2
BRDA:43,3,1,2
BRDA:63,4,0,2
BRDA:63,4,1,1
BRDA:63,5,0,2
BRDA:63,5,1,1
BRDA:66,6,0,1
BRDA:66,6,1,1
BRDA:77,7,0,1
BRDA:77,7,1,2
BRDA:84,8,0,1
BRDA:84,8,1,1
BRDA:95,9,0,1
BRDA:95,9,1,2
BRDA:100,10,0,1
BRDA:100,10,1,1
BRDA:100,11,0,2
BRDA:100,11,1,1
BRDA:100,11,2,1
BRDA:100,11,3,1
BRDA:106,12,0,1
BRDA:106,12,1,0
BRDA:106,13,0,1
BRDA:106,13,1,0
BRDA:121,14,0,1
BRDA:121,14,1,2
BRDA:121,15,0,3
BRDA:121,15,1,2
BRDA:126,16,0,1
BRDA:126,16,1,1
BRDA:131,17,0,0
BRDA:131,17,1,1
BRDA:150,18,0,1
BRDA:150,18,1,3
BRDA:156,19,0,1
BRDA:156,19,1,2
BRDA:156,20,0,3
BRDA:156,20,1,2
BRDA:160,21,0,1
BRDA:160,21,1,1
BRF:46
BRH:43
end_of_record
TN:
SF:middleware\authMiddleware.js
FN:4,authMiddleware
FNF:1
FNH:1
FNDA:19,authMiddleware
DA:5,19
DA:6,19
DA:8,16
DA:9,16
DA:11,16
DA:12,16
DA:13,16
DA:14,16
DA:15,16
DA:17,0
LF:10
LH:9
BRDA:6,0,0,3
BRDA:6,0,1,16
BRDA:9,1,0,0
BRDA:9,1,1,16
BRDA:9,2,0,16
BRDA:9,2,1,16
BRF:6
BRH:5
end_of_record
TN:
SF:routes\authRoutes.js
FNF:0
FNH:0
DA:2,3
DA:7,3
DA:11,3
LF:3
LH:3
BRF:0
BRH:0
end_of_record
TN:
SF:routes\ownerRoutes.js
FNF:0
FNH:0
DA:4,3
DA:6,3
LF:2
LH:2
BRF:0
BRH:0
end_of_record
TN:
SF:routes\purchaseRoutes.js
FNF:0
FNH:0
DA:4,3
DA:6,3
LF:2
LH:2
BRF:0
BRH:0
end_of_record
TN:
SF:routes\sweetRoutes.js
FNF:0
FNH:0
DA:5,3
DA:7,3
DA:8,3
DA:9,3
DA:11,3
DA:12,3
DA:13,3
DA:15,3
DA:16,3
LF:9
LH:9
BRF:0
BRH:0
end_of_record
TN:
SF:utils\db.js
FNF:0
FNH:0
DA:4,3
DA:6,3
LF:2
LH:2
BRDA:8,0,0,3
BRDA:8,0,1,0
BRDA:9,1,0,3
BRDA:9,1,1,0
BRDA:10,2,0,3
BRDA:10,2,1,0
BRF:6
BRH:3
end_of_record
TN:
SF:utils\jwt.js
FN:8,signToken
FN:12,verifyToken
FNF:2
FNH:2
FNDA:6,signToken
FNDA:16,verifyToken
DA:3,3
DA:5,3
DA:6,3
DA:9,6
DA:13,16
LF:5
LH:5
BRDA:5,0,0,3
BRDA:5,0,1,0
BRDA:6,1,0,3
BRDA:6,1,1,0
BRF:4
BRH:2
end_of_record
